<?xml version="1.0" encoding="UTF-8"?>
<coverage generated="1720428240942" clover="3.2.0">
  <project timestamp="1720428240942" name="All files">
    <metrics statements="45" coveredstatements="45" conditionals="42" coveredconditionals="41" methods="10" coveredmethods="10" elements="97" coveredelements="96" complexity="0" loc="45" ncloc="45" packages="2" files="5" classes="5"/>
    <package name="Elements.Button">
      <metrics statements="5" coveredstatements="5" conditionals="2" coveredconditionals="2" methods="2" coveredmethods="2"/>
      <file name="CTAButton.tsx" path="D:\SYNRGY\CHALLENGE\CHAPTER 7\challenge7-synrgy\src\components\Elements\Button\CTAButton.tsx">
        <metrics statements="3" coveredstatements="3" conditionals="2" coveredconditionals="2" methods="1" coveredmethods="1"/>
        <line num="1" count="1" type="stmt"/>
        <line num="9" count="1" type="stmt"/>
        <line num="10" count="2" type="stmt"/>
      </file>
      <file name="NavButton.tsx" path="D:\SYNRGY\CHALLENGE\CHAPTER 7\challenge7-synrgy\src\components\Elements\Button\NavButton.tsx">
        <metrics statements="2" coveredstatements="2" conditionals="0" coveredconditionals="0" methods="1" coveredmethods="1"/>
        <line num="5" count="1" type="stmt"/>
        <line num="6" count="1" type="stmt"/>
      </file>
    </package>
    <package name="Fragments">
      <metrics statements="40" coveredstatements="40" conditionals="40" coveredconditionals="39" methods="8" coveredmethods="8"/>
      <file name="FaqList.tsx" path="D:\SYNRGY\CHALLENGE\CHAPTER 7\challenge7-synrgy\src\components\Fragments\FaqList.tsx">
        <metrics statements="5" coveredstatements="5" conditionals="6" coveredconditionals="6" methods="2" coveredmethods="2"/>
        <line num="9" count="1" type="stmt"/>
        <line num="10" count="2" type="stmt"/>
        <line num="12" count="2" type="stmt"/>
        <line num="13" count="2" type="cond" truecount="2" falsecount="0"/>
        <line num="16" count="2" type="stmt"/>
      </file>
      <file name="Footer.tsx" path="D:\SYNRGY\CHALLENGE\CHAPTER 7\challenge7-synrgy\src\components\Fragments\Footer.tsx">
        <metrics statements="12" coveredstatements="12" conditionals="0" coveredconditionals="0" methods="4" coveredmethods="4"/>
        <line num="8" count="1" type="stmt"/>
        <line num="9" count="1" type="stmt"/>
        <line num="12" count="1" type="stmt"/>
        <line num="13" count="1" type="stmt"/>
        <line num="20" count="1" type="stmt"/>
        <line num="21" count="1" type="stmt"/>
        <line num="31" count="1" type="stmt"/>
        <line num="32" count="1" type="stmt"/>
        <line num="39" count="1" type="stmt"/>
        <line num="40" count="1" type="stmt"/>
        <line num="41" count="1" type="stmt"/>
        <line num="43" count="1" type="stmt"/>
      </file>
      <file name="InputForm.tsx" path="D:\SYNRGY\CHALLENGE\CHAPTER 7\challenge7-synrgy\src\components\Fragments\InputForm.tsx">
        <metrics statements="23" coveredstatements="23" conditionals="34" coveredconditionals="33" methods="2" coveredmethods="2"/>
        <line num="1" count="1" type="stmt"/>
        <line num="21" count="1" type="stmt"/>
        <line num="38" count="9" type="stmt"/>
        <line num="39" count="9" type="stmt"/>
        <line num="40" count="9" type="stmt"/>
        <line num="42" count="9" type="stmt"/>
        <line num="43" count="4" type="cond" truecount="2" falsecount="0"/>
        <line num="44" count="3" type="cond" truecount="3" falsecount="0"/>
        <line num="45" count="3" type="stmt"/>
        <line num="46" count="3" type="stmt"/>
        <line num="47" count="3" type="stmt"/>
        <line num="49" count="3" type="cond" truecount="2" falsecount="0"/>
        <line num="50" count="1" type="stmt"/>
        <line num="51" count="2" type="cond" truecount="2" falsecount="0"/>
        <line num="52" count="1" type="stmt"/>
        <line num="54" count="1" type="stmt"/>
        <line num="55" count="1" type="cond" truecount="1" falsecount="0"/>
        <line num="56" count="1" type="stmt"/>
        <line num="61" count="1" type="stmt"/>
        <line num="62" count="1" type="cond" truecount="1" falsecount="0"/>
        <line num="63" count="1" type="stmt"/>
        <line num="68" count="9" type="stmt"/>
        <line num="96" count="1" type="stmt"/>
      </file>
    </package>
  </project>
</coverage>
