{"D:\\SYNRGY\\CHALLENGE\\CHAPTER 7\\challenge7-synrgy\\src\\components\\Elements\\Button\\CTAButton.tsx": {"path":"D:\\SYNRGY\\CHALLENGE\\CHAPTER 7\\challenge7-synrgy\\src\\components\\Elements\\Button\\CTAButton.tsx","statementMap":{"0":{"start":{"line":9,"column":0},"end":{"line":9,"column":24}},"1":{"start":{"line":1,"column":0},"end":{"line":1,"column":40}},"2":{"start":{"line":10,"column":2},"end":{"line":17,"column":4}}},"fnMap":{"0":{"name":"CTAButton","decl":{"start":{"line":9,"column":24},"end":{"line":9,"column":33}},"loc":{"start":{"line":9,"column":62},"end":{"line":18,"column":1}}}},"branchMap":{"0":{"loc":{"start":{"line":13,"column":48},"end":{"line":13,"column":59}},"type":"binary-expr","locations":[{"start":{"line":13,"column":48},"end":{"line":13,"column":53}},{"start":{"line":13,"column":57},"end":{"line":13,"column":59}}]}},"s":{"0":1,"1":1,"2":2},"f":{"0":2},"b":{"0":[2,1]}}
,"D:\\SYNRGY\\CHALLENGE\\CHAPTER 7\\challenge7-synrgy\\src\\components\\Elements\\Button\\NavButton.tsx": {"path":"D:\\SYNRGY\\CHALLENGE\\CHAPTER 7\\challenge7-synrgy\\src\\components\\Elements\\Button\\NavButton.tsx","statementMap":{"0":{"start":{"line":5,"column":0},"end":{"line":5,"column":24}},"1":{"start":{"line":6,"column":2},"end":{"line":13,"column":4}}},"fnMap":{"0":{"name":"NavButton","decl":{"start":{"line":5,"column":24},"end":{"line":5,"column":33}},"loc":{"start":{"line":5,"column":49},"end":{"line":14,"column":1}}}},"branchMap":{},"s":{"0":1,"1":1},"f":{"0":1},"b":{}}
,"D:\\SYNRGY\\CHALLENGE\\CHAPTER 7\\challenge7-synrgy\\src\\components\\Fragments\\FaqList.tsx": {"path":"D:\\SYNRGY\\CHALLENGE\\CHAPTER 7\\challenge7-synrgy\\src\\components\\Fragments\\FaqList.tsx","statementMap":{"0":{"start":{"line":9,"column":0},"end":{"line":9,"column":24}},"1":{"start":{"line":10,"column":17},"end":{"line":10,"column":38}},"2":{"start":{"line":12,"column":22},"end":{"line":14,"column":3}},"3":{"start":{"line":13,"column":4},"end":{"line":13,"column":40}},"4":{"start":{"line":16,"column":2},"end":{"line":57,"column":4}}},"fnMap":{"0":{"name":"FaqList","decl":{"start":{"line":9,"column":24},"end":{"line":9,"column":31}},"loc":{"start":{"line":9,"column":96},"end":{"line":58,"column":1}}},"1":{"name":"(anonymous_1)","decl":{"start":{"line":12,"column":22},"end":{"line":12,"column":25}},"loc":{"start":{"line":12,"column":27},"end":{"line":14,"column":3}}}},"branchMap":{"0":{"loc":{"start":{"line":13,"column":19},"end":{"line":13,"column":38}},"type":"cond-expr","locations":[{"start":{"line":13,"column":28},"end":{"line":13,"column":30}},{"start":{"line":13,"column":33},"end":{"line":13,"column":38}}]},"1":{"loc":{"start":{"line":29,"column":34},"end":{"line":29,"column":60}},"type":"cond-expr","locations":[{"start":{"line":29,"column":43},"end":{"line":29,"column":55}},{"start":{"line":29,"column":58},"end":{"line":29,"column":60}}]},"2":{"loc":{"start":{"line":47,"column":75},"end":{"line":47,"column":111}},"type":"cond-expr","locations":[{"start":{"line":47,"column":84},"end":{"line":47,"column":99}},{"start":{"line":47,"column":102},"end":{"line":47,"column":111}}]}},"s":{"0":1,"1":2,"2":2,"3":2,"4":2},"f":{"0":2,"1":2},"b":{"0":[1,1],"1":[1,1],"2":[1,1]}}
,"D:\\SYNRGY\\CHALLENGE\\CHAPTER 7\\challenge7-synrgy\\src\\components\\Fragments\\Footer.tsx": {"path":"D:\\SYNRGY\\CHALLENGE\\CHAPTER 7\\challenge7-synrgy\\src\\components\\Fragments\\Footer.tsx","statementMap":{"0":{"start":{"line":8,"column":15},"end":{"line":10,"column":1}},"1":{"start":{"line":9,"column":2},"end":{"line":9,"column":33}},"2":{"start":{"line":12,"column":16},"end":{"line":18,"column":1}},"3":{"start":{"line":13,"column":2},"end":{"line":17,"column":4}},"4":{"start":{"line":20,"column":18},"end":{"line":29,"column":1}},"5":{"start":{"line":21,"column":2},"end":{"line":28,"column":4}},"6":{"start":{"line":31,"column":20},"end":{"line":37,"column":1}},"7":{"start":{"line":32,"column":2},"end":{"line":36,"column":4}},"8":{"start":{"line":39,"column":0},"end":{"line":39,"column":25}},"9":{"start":{"line":40,"column":0},"end":{"line":40,"column":29}},"10":{"start":{"line":41,"column":0},"end":{"line":41,"column":33}},"11":{"start":{"line":43,"column":0},"end":{"line":43,"column":22}}},"fnMap":{"0":{"name":"(anonymous_0)","decl":{"start":{"line":8,"column":15},"end":{"line":8,"column":16}},"loc":{"start":{"line":8,"column":39},"end":{"line":10,"column":1}}},"1":{"name":"(anonymous_1)","decl":{"start":{"line":12,"column":16},"end":{"line":12,"column":17}},"loc":{"start":{"line":12,"column":36},"end":{"line":18,"column":1}}},"2":{"name":"(anonymous_2)","decl":{"start":{"line":20,"column":18},"end":{"line":20,"column":19}},"loc":{"start":{"line":20,"column":38},"end":{"line":29,"column":1}}},"3":{"name":"(anonymous_3)","decl":{"start":{"line":31,"column":20},"end":{"line":31,"column":21}},"loc":{"start":{"line":31,"column":40},"end":{"line":37,"column":1}}}},"branchMap":{},"s":{"0":1,"1":1,"2":1,"3":1,"4":1,"5":1,"6":1,"7":1,"8":1,"9":1,"10":1,"11":1},"f":{"0":1,"1":1,"2":1,"3":1},"b":{}}
,"D:\\SYNRGY\\CHALLENGE\\CHAPTER 7\\challenge7-synrgy\\src\\components\\Fragments\\InputForm.tsx": {"path":"D:\\SYNRGY\\CHALLENGE\\CHAPTER 7\\challenge7-synrgy\\src\\components\\Fragments\\InputForm.tsx","statementMap":{"0":{"start":{"line":1,"column":0},"end":{"line":1,"column":53}},"1":{"start":{"line":21,"column":35},"end":{"line":94,"column":1}},"2":{"start":{"line":38,"column":28},"end":{"line":38,"column":57}},"3":{"start":{"line":39,"column":24},"end":{"line":39,"column":60}},"4":{"start":{"line":40,"column":22},"end":{"line":40,"column":66}},"5":{"start":{"line":42,"column":23},"end":{"line":66,"column":3}},"6":{"start":{"line":43,"column":4},"end":{"line":65,"column":5}},"7":{"start":{"line":44,"column":6},"end":{"line":59,"column":7}},"8":{"start":{"line":45,"column":21},"end":{"line":45,"column":42}},"9":{"start":{"line":46,"column":24},"end":{"line":46,"column":39}},"10":{"start":{"line":47,"column":29},"end":{"line":47,"column":69}},"11":{"start":{"line":49,"column":8},"end":{"line":58,"column":9}},"12":{"start":{"line":50,"column":10},"end":{"line":50,"column":45}},"13":{"start":{"line":51,"column":15},"end":{"line":58,"column":9}},"14":{"start":{"line":52,"column":10},"end":{"line":52,"column":67}},"15":{"start":{"line":54,"column":10},"end":{"line":54,"column":25}},"16":{"start":{"line":55,"column":10},"end":{"line":57,"column":11}},"17":{"start":{"line":56,"column":12},"end":{"line":56,"column":35}},"18":{"start":{"line":61,"column":6},"end":{"line":61,"column":21}},"19":{"start":{"line":62,"column":6},"end":{"line":64,"column":7}},"20":{"start":{"line":63,"column":8},"end":{"line":63,"column":40}},"21":{"start":{"line":68,"column":2},"end":{"line":93,"column":4}},"22":{"start":{"line":96,"column":0},"end":{"line":96,"column":25}}},"fnMap":{"0":{"name":"(anonymous_0)","decl":{"start":{"line":21,"column":35},"end":{"line":21,"column":36}},"loc":{"start":{"line":37,"column":5},"end":{"line":94,"column":1}}},"1":{"name":"(anonymous_1)","decl":{"start":{"line":42,"column":23},"end":{"line":42,"column":24}},"loc":{"start":{"line":42,"column":64},"end":{"line":66,"column":3}}}},"branchMap":{"0":{"loc":{"start":{"line":27,"column":2},"end":{"line":27,"column":19}},"type":"default-arg","locations":[{"start":{"line":27,"column":14},"end":{"line":27,"column":19}}]},"1":{"loc":{"start":{"line":28,"column":2},"end":{"line":28,"column":18}},"type":"default-arg","locations":[{"start":{"line":28,"column":13},"end":{"line":28,"column":18}}]},"2":{"loc":{"start":{"line":29,"column":2},"end":{"line":29,"column":15}},"type":"default-arg","locations":[{"start":{"line":29,"column":9},"end":{"line":29,"column":15}}]},"3":{"loc":{"start":{"line":43,"column":4},"end":{"line":65,"column":5}},"type":"if","locations":[{"start":{"line":43,"column":4},"end":{"line":65,"column":5}},{"start":{"line":60,"column":11},"end":{"line":65,"column":5}}]},"4":{"loc":{"start":{"line":44,"column":6},"end":{"line":59,"column":7}},"type":"if","locations":[{"start":{"line":44,"column":6},"end":{"line":59,"column":7}}]},"5":{"loc":{"start":{"line":44,"column":10},"end":{"line":44,"column":53}},"type":"binary-expr","locations":[{"start":{"line":44,"column":10},"end":{"line":44,"column":28}},{"start":{"line":44,"column":32},"end":{"line":44,"column":53}}]},"6":{"loc":{"start":{"line":49,"column":8},"end":{"line":58,"column":9}},"type":"if","locations":[{"start":{"line":49,"column":8},"end":{"line":58,"column":9}},{"start":{"line":51,"column":15},"end":{"line":58,"column":9}}]},"7":{"loc":{"start":{"line":51,"column":15},"end":{"line":58,"column":9}},"type":"if","locations":[{"start":{"line":51,"column":15},"end":{"line":58,"column":9}},{"start":{"line":53,"column":15},"end":{"line":58,"column":9}}]},"8":{"loc":{"start":{"line":55,"column":10},"end":{"line":57,"column":11}},"type":"if","locations":[{"start":{"line":55,"column":10},"end":{"line":57,"column":11}}]},"9":{"loc":{"start":{"line":62,"column":6},"end":{"line":64,"column":7}},"type":"if","locations":[{"start":{"line":62,"column":6},"end":{"line":64,"column":7}}]},"10":{"loc":{"start":{"line":69,"column":28},"end":{"line":69,"column":39}},"type":"binary-expr","locations":[{"start":{"line":69,"column":28},"end":{"line":69,"column":33}},{"start":{"line":69,"column":37},"end":{"line":69,"column":39}}]},"11":{"loc":{"start":{"line":71,"column":52},"end":{"line":71,"column":68}},"type":"binary-expr","locations":[{"start":{"line":71,"column":52},"end":{"line":71,"column":62}},{"start":{"line":71,"column":66},"end":{"line":71,"column":68}}]},"12":{"loc":{"start":{"line":73,"column":9},"end":{"line":73,"column":29}},"type":"binary-expr","locations":[{"start":{"line":73,"column":9},"end":{"line":73,"column":14}},{"start":{"line":73,"column":18},"end":{"line":73,"column":29}}]},"13":{"loc":{"start":{"line":74,"column":9},"end":{"line":74,"column":61}},"type":"binary-expr","locations":[{"start":{"line":74,"column":9},"end":{"line":74,"column":18}},{"start":{"line":74,"column":22},"end":{"line":74,"column":61}}]},"14":{"loc":{"start":{"line":78,"column":15},"end":{"line":78,"column":50}},"type":"cond-expr","locations":[{"start":{"line":78,"column":33},"end":{"line":78,"column":38}},{"start":{"line":78,"column":41},"end":{"line":78,"column":50}}]},"15":{"loc":{"start":{"line":81,"column":12},"end":{"line":81,"column":31}},"type":"cond-expr","locations":[{"start":{"line":81,"column":12},"end":{"line":81,"column":14}},{"start":{"line":81,"column":18},"end":{"line":81,"column":31}}]},"16":{"loc":{"start":{"line":81,"column":12},"end":{"line":81,"column":18}},"type":"binary-expr","locations":[{"start":{"line":81,"column":12},"end":{"line":81,"column":18}},{"start":{"line":81,"column":12},"end":{"line":81,"column":18}}]},"17":{"loc":{"start":{"line":83,"column":21},"end":{"line":83,"column":47}},"type":"binary-expr","locations":[{"start":{"line":83,"column":21},"end":{"line":83,"column":32}},{"start":{"line":83,"column":36},"end":{"line":83,"column":47}}]},"18":{"loc":{"start":{"line":88,"column":10},"end":{"line":88,"column":null}},"type":"binary-expr","locations":[{"start":{"line":88,"column":10},"end":{"line":88,"column":20}},{"start":{"line":88,"column":24},"end":{"line":88,"column":null}}]},"19":{"loc":{"start":{"line":91,"column":7},"end":{"line":91,"column":79}},"type":"binary-expr","locations":[{"start":{"line":91,"column":7},"end":{"line":91,"column":12}},{"start":{"line":91,"column":16},"end":{"line":91,"column":79}}]}},"s":{"0":1,"1":1,"2":9,"3":9,"4":9,"5":9,"6":4,"7":3,"8":3,"9":3,"10":3,"11":3,"12":1,"13":2,"14":1,"15":1,"16":1,"17":1,"18":1,"19":1,"20":1,"21":9,"22":1},"f":{"0":9,"1":4},"b":{"0":[8],"1":[9],"2":[4],"3":[3,1],"4":[3],"5":[3,3],"6":[1,2],"7":[1,1],"8":[1],"9":[1],"10":[9,8],"11":[9,8],"12":[9,9],"13":[9,1],"14":[4,5],"15":[0,9],"16":[9,9],"17":[9,9],"18":[9,8],"19":[9,2]}}
}
