TN:
SF:src\components\Elements\Button\CTAButton.tsx
FN:9,CTAButton
FNF:1
FNH:1
FNDA:2,CTAButton
DA:1,1
DA:9,1
DA:10,2
LF:3
LH:3
BRDA:13,0,0,2
BRDA:13,0,1,1
BRF:2
BRH:2
end_of_record
TN:
SF:src\components\Elements\Button\NavButton.tsx
FN:5,NavButton
FNF:1
FNH:1
FNDA:1,NavButton
DA:5,1
DA:6,1
LF:2
LH:2
BRF:0
BRH:0
end_of_record
TN:
SF:src\components\Fragments\FaqList.tsx
FN:9,FaqList
FN:12,(anonymous_1)
FNF:2
FNH:2
FNDA:2,FaqList
FNDA:2,(anonymous_1)
DA:9,1
DA:10,2
DA:12,2
DA:13,2
DA:16,2
LF:5
LH:5
BRDA:13,0,0,1
BRDA:13,0,1,1
BRDA:29,1,0,1
BRDA:29,1,1,1
BRDA:47,2,0,1
BRDA:47,2,1,1
BRF:6
BRH:6
end_of_record
TN:
SF:src\components\Fragments\Footer.tsx
FN:8,(anonymous_0)
FN:12,(anonymous_1)
FN:20,(anonymous_2)
FN:31,(anonymous_3)
FNF:4
FNH:4
FNDA:1,(anonymous_0)
FNDA:1,(anonymous_1)
FNDA:1,(anonymous_2)
FNDA:1,(anonymous_3)
DA:8,1
DA:9,1
DA:12,1
DA:13,1
DA:20,1
DA:21,1
DA:31,1
DA:32,1
DA:39,1
DA:40,1
DA:41,1
DA:43,1
LF:12
LH:12
BRF:0
BRH:0
end_of_record
TN:
SF:src\components\Fragments\InputForm.tsx
FN:21,(anonymous_0)
FN:42,(anonymous_1)
FNF:2
FNH:2
FNDA:9,(anonymous_0)
FNDA:4,(anonymous_1)
DA:1,1
DA:21,1
DA:38,9
DA:39,9
DA:40,9
DA:42,9
DA:43,4
DA:44,3
DA:45,3
DA:46,3
DA:47,3
DA:49,3
DA:50,1
DA:51,2
DA:52,1
DA:54,1
DA:55,1
DA:56,1
DA:61,1
DA:62,1
DA:63,1
DA:68,9
DA:96,1
LF:23
LH:23
BRDA:27,0,0,8
BRDA:28,1,0,9
BRDA:29,2,0,4
BRDA:43,3,0,3
BRDA:43,3,1,1
BRDA:44,4,0,3
BRDA:44,5,0,3
BRDA:44,5,1,3
BRDA:49,6,0,1
BRDA:49,6,1,2
BRDA:51,7,0,1
BRDA:51,7,1,1
BRDA:55,8,0,1
BRDA:62,9,0,1
BRDA:69,10,0,9
BRDA:69,10,1,8
BRDA:71,11,0,9
BRDA:71,11,1,8
BRDA:73,12,0,9
BRDA:73,12,1,9
BRDA:74,13,0,9
BRDA:74,13,1,1
BRDA:78,14,0,4
BRDA:78,14,1,5
BRDA:81,15,0,0
BRDA:81,15,1,9
BRDA:81,16,0,9
BRDA:81,16,1,9
BRDA:83,17,0,9
BRDA:83,17,1,9
BRDA:88,18,0,9
BRDA:88,18,1,8
BRDA:91,19,0,9
BRDA:91,19,1,2
BRF:34
BRH:33
end_of_record
